<?xml version="1.0" encoding="UTF-8"?>
<testsuite xmlns:xsi="http://www.w3.org/2001/XMLSchema-instance" xsi:noNamespaceSchemaLocation="https://maven.apache.org/surefire/maven-surefire-plugin/xsd/surefire-test-report-3.0.xsd" version="3.0" name="com.aspire.miniaspireuserloansapp.integrationtests.AuthenticationFlowTests" time="8.32" tests="6" errors="0" skipped="0" failures="0">
  <properties>
[...]
</properties>
  <testcase name="testAuthenticateAnUnregisteredUser" classname="com.aspire.miniaspireuserloansapp.integrationtests.AuthenticationFlowTests" time="1.246">
    <system-out><![CDATA[
  .   ____          _            __ _ _
 /\\ / ___'_ __ _ _(_)_ __  __ _ \ \ \ \
( ( )\___ | '_ | '_| | '_ \/ _` | \ \ \ \
 \\/  ___)| |_)| | | | | || (_| |  ) ) ) )
  '  |____| .__|_| |_|_| |_\__, | / / / /
 =========|_|==============|___/=/_/_/_/
 :: Spring Boot ::                (v3.1.0)

2023-05-28T11:17:39.988+05:30  INFO 19244 --- [           main] c.a.m.i.AuthenticationFlowTests          : Starting AuthenticationFlowTests using Java 17.0.1 with PID 19244 (started by awtf1 in C:\Users\awtf1\OneDrive\Desktop\mini-aspire\mini-aspire-user-loans-app)
2023-05-28T11:17:39.992+05:30  INFO 19244 --- [           main] c.a.m.i.AuthenticationFlowTests          : No active profile set, falling back to 1 default profile: "default"
2023-05-28T11:17:40.997+05:30  INFO 19244 --- [           main] .s.d.r.c.RepositoryConfigurationDelegate : Bootstrapping Spring Data JPA repositories in DEFAULT mode.
2023-05-28T11:17:41.091+05:30  INFO 19244 --- [           main] .s.d.r.c.RepositoryConfigurationDelegate : Finished Spring Data repository scanning in 78 ms. Found 2 JPA repository interfaces.
2023-05-28T11:17:42.027+05:30  INFO 19244 --- [           main] o.s.b.w.embedded.tomcat.TomcatWebServer  : Tomcat initialized with port(s): 0 (http)
2023-05-28T11:17:42.041+05:30  INFO 19244 --- [           main] o.apache.catalina.core.StandardService   : Starting service [Tomcat]
2023-05-28T11:17:42.041+05:30  INFO 19244 --- [           main] o.apache.catalina.core.StandardEngine    : Starting Servlet engine: [Apache Tomcat/10.1.8]
2023-05-28T11:17:42.213+05:30  INFO 19244 --- [           main] o.a.c.c.C.[Tomcat].[localhost].[/]       : Initializing Spring embedded WebApplicationContext
2023-05-28T11:17:42.215+05:30  INFO 19244 --- [           main] w.s.c.ServletWebServerApplicationContext : Root WebApplicationContext: initialization completed in 2207 ms
2023-05-28T11:17:42.263+05:30  INFO 19244 --- [           main] com.zaxxer.hikari.HikariDataSource       : HikariPool-1 - Starting...
2023-05-28T11:17:42.529+05:30  INFO 19244 --- [           main] com.zaxxer.hikari.pool.HikariPool        : HikariPool-1 - Added connection conn0: url=jdbc:h2:mem:testdb user=SA
2023-05-28T11:17:42.532+05:30  INFO 19244 --- [           main] com.zaxxer.hikari.HikariDataSource       : HikariPool-1 - Start completed.
2023-05-28T11:17:42.549+05:30  INFO 19244 --- [           main] o.s.b.a.h2.H2ConsoleAutoConfiguration    : H2 console available at '/h2-console'. Database available at 'jdbc:h2:mem:testdb'
2023-05-28T11:17:42.820+05:30  INFO 19244 --- [           main] o.hibernate.jpa.internal.util.LogHelper  : HHH000204: Processing PersistenceUnitInfo [name: default]
2023-05-28T11:17:42.907+05:30  INFO 19244 --- [           main] org.hibernate.Version                    : HHH000412: Hibernate ORM core version 6.2.2.Final
2023-05-28T11:17:42.912+05:30  INFO 19244 --- [           main] org.hibernate.cfg.Environment            : HHH000406: Using bytecode reflection optimizer
2023-05-28T11:17:43.138+05:30  INFO 19244 --- [           main] o.h.b.i.BytecodeProviderInitiator        : HHH000021: Bytecode provider name : bytebuddy
2023-05-28T11:17:43.347+05:30  INFO 19244 --- [           main] o.s.o.j.p.SpringPersistenceUnitInfo      : No LoadTimeWeaver setup: ignoring JPA class transformer
2023-05-28T11:17:43.399+05:30  INFO 19244 --- [           main] org.hibernate.orm.dialect                : HHH035001: Using dialect: org.hibernate.dialect.H2Dialect, version: 2.1.214
2023-05-28T11:17:43.731+05:30  INFO 19244 --- [           main] o.h.b.i.BytecodeProviderInitiator        : HHH000021: Bytecode provider name : bytebuddy
2023-05-28T11:17:44.497+05:30  INFO 19244 --- [           main] o.h.e.t.j.p.i.JtaPlatformInitiator       : HHH000490: Using JtaPlatform implementation: [org.hibernate.engine.transaction.jta.platform.internal.NoJtaPlatform]
2023-05-28T11:17:44.527+05:30  INFO 19244 --- [           main] o.h.t.s.i.e.GenerationTargetToDatabase   : HHH000476: Executing script '[injected ScriptSourceInputNonExistentImpl script]'
2023-05-28T11:17:44.529+05:30  INFO 19244 --- [           main] j.LocalContainerEntityManagerFactoryBean : Initialized JPA EntityManagerFactory for persistence unit 'default'
2023-05-28T11:17:44.935+05:30  INFO 19244 --- [           main] o.s.d.j.r.query.QueryEnhancerFactory     : Hibernate is in classpath; If applicable, HQL parser will be used.
2023-05-28T11:17:45.154+05:30  WARN 19244 --- [           main] JpaBaseConfiguration$JpaWebConfiguration : spring.jpa.open-in-view is enabled by default. Therefore, database queries may be performed during view rendering. Explicitly configure spring.jpa.open-in-view to disable this warning
2023-05-28T11:17:45.640+05:30  INFO 19244 --- [           main] o.a.c.c.C.[Tomcat].[localhost].[/]       : Initializing Spring TestDispatcherServlet ''
2023-05-28T11:17:45.640+05:30  INFO 19244 --- [           main] o.s.t.web.servlet.TestDispatcherServlet  : Initializing Servlet ''
2023-05-28T11:17:45.641+05:30  INFO 19244 --- [           main] o.s.t.web.servlet.TestDispatcherServlet  : Completed initialization in 1 ms
2023-05-28T11:17:45.731+05:30  INFO 19244 --- [           main] o.s.b.w.embedded.tomcat.TomcatWebServer  : Tomcat started on port(s): 57392 (http) with context path ''
2023-05-28T11:17:45.739+05:30  INFO 19244 --- [           main] c.a.m.i.AuthenticationFlowTests          : Started AuthenticationFlowTests in 6.2 seconds (process running for 7.775)
]]></system-out>
  </testcase>
  <testcase name="testRegisterANewUser_InvalidPassword" classname="com.aspire.miniaspireuserloansapp.integrationtests.AuthenticationFlowTests" time="0.024"/>
  <testcase name="testRegisterANewUser_InvalidRole" classname="com.aspire.miniaspireuserloansapp.integrationtests.AuthenticationFlowTests" time="0.01"/>
  <testcase name="testRegisterANewUser" classname="com.aspire.miniaspireuserloansapp.integrationtests.AuthenticationFlowTests" time="0.143"/>
  <testcase name="testRegisterANewUser_InvalidUsername" classname="com.aspire.miniaspireuserloansapp.integrationtests.AuthenticationFlowTests" time="0.012"/>
  <testcase name="testAuthenticateARegisteredUser" classname="com.aspire.miniaspireuserloansapp.integrationtests.AuthenticationFlowTests" time="0.008"/>
</testsuite>